[03/Oct/2018 13:30:02] "GET /admin/ HTTP/1.1" 200 4696
[03/Oct/2018 13:30:02] "GET /static/admin/css/responsive.css HTTP/1.1" 304 0
[03/Oct/2018 13:30:02] "GET /static/admin/css/dashboard.css HTTP/1.1" 304 0
[03/Oct/2018 13:30:02] "GET /static/admin/css/base.css HTTP/1.1" 304 0
[03/Oct/2018 13:30:02] "GET /static/admin/css/fonts.css HTTP/1.1" 304 0
[03/Oct/2018 13:30:03] "GET /static/admin/img/icon-changelink.svg HTTP/1.1" 304 0
[03/Oct/2018 13:30:03] "GET /static/admin/fonts/Roboto-Bold-webfont.woff HTTP/1.1" 304 0
[03/Oct/2018 13:30:04] "GET /static/admin/fonts/Roboto-Light-webfont.woff HTTP/1.1" 304 0
[03/Oct/2018 13:30:04] "GET /static/admin/fonts/Roboto-Regular-webfont.woff HTTP/1.1" 304 0
[03/Oct/2018 13:30:04] "GET /static/admin/img/icon-addlink.svg HTTP/1.1" 304 0
Not Found: /favicon.ico
[03/Oct/2018 13:30:04] "GET /favicon.ico HTTP/1.1" 404 2081
[03/Oct/2018 13:30:07] "GET /admin/ HTTP/1.1" 200 4696
[03/Oct/2018 13:31:29] "GET /admin/auth/user/2/change/ HTTP/1.1" 200 14779
[03/Oct/2018 13:31:29] "GET /static/admin/css/forms.css HTTP/1.1" 304 0
[03/Oct/2018 13:31:29] "GET /static/admin/js/urlify.js HTTP/1.1" 304 0
[03/Oct/2018 13:31:29] "GET /static/admin/js/actions.js HTTP/1.1" 304 0
[03/Oct/2018 13:31:29] "GET /static/admin/js/admin/RelatedObjectLookups.js HTTP/1.1" 304 0
[03/Oct/2018 13:31:29] "GET /static/admin/js/vendor/xregexp/xregexp.js HTTP/1.1" 304 0
[03/Oct/2018 13:31:29] "GET /static/admin/js/jquery.init.js HTTP/1.1" 304 0
[03/Oct/2018 13:31:29] "GET /static/admin/js/SelectBox.js HTTP/1.1" 304 0
[03/Oct/2018 13:31:29] "GET /static/admin/js/SelectFilter2.js HTTP/1.1" 304 0
[03/Oct/2018 13:31:29] "GET /static/admin/js/prepopulate.js HTTP/1.1" 304 0
[03/Oct/2018 13:31:29] "GET /static/admin/js/calendar.js HTTP/1.1" 304 0
[03/Oct/2018 13:31:29] "GET /static/admin/js/admin/DateTimeShortcuts.js HTTP/1.1" 304 0
[03/Oct/2018 13:31:29] "GET /static/admin/css/widgets.css HTTP/1.1" 304 0
[03/Oct/2018 13:31:29] "GET /static/admin/js/vendor/jquery/jquery.js HTTP/1.1" 304 0
[03/Oct/2018 13:31:29] "GET /static/admin/js/core.js HTTP/1.1" 304 0
[03/Oct/2018 13:31:29] "GET /static/admin/js/change_form.js HTTP/1.1" 304 0
[03/Oct/2018 13:31:29] "GET /static/admin/js/prepopulate_init.js HTTP/1.1" 304 0
[03/Oct/2018 13:31:29] "GET /admin/jsi18n/ HTTP/1.1" 200 7031
[03/Oct/2018 13:31:30] "GET /static/admin/img/selector-icons.svg HTTP/1.1" 304 0
[03/Oct/2018 13:31:30] "GET /static/admin/img/icon-unknown-alt.svg HTTP/1.1" 304 0
[03/Oct/2018 13:31:30] "GET /static/admin/img/icon-unknown.svg HTTP/1.1" 304 0
[03/Oct/2018 13:31:30] "GET /static/admin/img/icon-clock.svg HTTP/1.1" 304 0
[03/Oct/2018 13:31:30] "GET /static/admin/img/icon-calendar.svg HTTP/1.1" 304 0
[03/Oct/2018 13:31:30] "GET /static/admin/img/search.svg HTTP/1.1" 304 0
Not Found: /
[03/Oct/2018 13:31:56] "GET / HTTP/1.1" 404 2030
Not Found: /Contacotos
[03/Oct/2018 13:32:04] "GET /Contacotos HTTP/1.1" 404 2078
[03/Oct/2018 13:32:15] "GET /agenda/ HTTP/1.1" 200 40
[03/Oct/2018 13:32:23] "GET /admin/ HTTP/1.1" 200 4696
[03/Oct/2018 13:32:25] "GET /admin/ HTTP/1.1" 200 4696
[03/Oct/2018 13:32:32] "GET /admin/agenda/contactos/ HTTP/1.1" 200 4671
[03/Oct/2018 13:32:32] "GET /admin/jsi18n/ HTTP/1.1" 200 7031
[03/Oct/2018 13:32:32] "GET /static/admin/css/changelists.css HTTP/1.1" 304 0
[03/Oct/2018 13:32:33] "GET /static/admin/img/tooltag-add.svg HTTP/1.1" 304 0
[03/Oct/2018 13:32:59] "GET /admin/agenda/contactos/2/change/ HTTP/1.1" 200 6278
[03/Oct/2018 13:32:59] "GET /admin/jsi18n/ HTTP/1.1" 200 7031
